NODE 1 [examples/release/narrow.c:1:0]: (took 1 iterations) [ENTRY POINT: main]
i(1): 0
a(2): 0

NODE 2 [examples/release/narrow.c:7:1]: (took 5 iterations) [EXIT POINT: main]
i(1): ⊤
a(2): ⊤

NODE 3 [examples/release/narrow.c:3:1]: (took 2 iterations)
i(1): 0
a(2): 0

NODE 4 [examples/release/narrow.c:4:1]: (took 2 iterations)
i(1): 0
a(2): 0

NODE 5 [examples/release/narrow.c:4:22]: (took 6 iterations)
i(1): ⊤
a(2): ⊤

NODE 6 [examples/release/narrow.c:4:22]: (took 5 iterations)
i(1): ⊤
a(2): ⊤

NODE 7 [examples/release/narrow.c:6:2]: (took 5 iterations)
i(1): ⊤
a(2): ⊤

NODE 8 [examples/release/narrow.c:1:0]: (took 0 iterations)
i(1): 0
a(2): 0

NODE 9 [examples/release/narrow.c:9:0]: (took 1 iterations)
i(1): 0
a(2): 0

No alarm. Every assertion is correct.
